<?xml version="1.0" encoding="UTF-8"?>
<testsuite name="memory.MemoryFinderTest" tests="1" skipped="0" failures="0" errors="0" timestamp="2023-10-22T07:59:31" hostname="DESKTOP-PL49951" time="0.109">
  <properties/>
  <testcase name="get()" classname="memory.MemoryFinderTest" time="0.109"/>
  <system-out><![CDATA[memory = Memory{used=20530352, max=536870912}
]]></system-out>
  <system-err><![CDATA[]]></system-err>
</testsuite>
